Using pre-set license
Built from '2020.3/staging' branch; Version is '2020.3.19f1 (68f137dc9bbe) revision 6877495'; Using compiler version '192528614'; Build Type 'Release'
OS: 'Windows 10 Pro; OS build 19043.1237; Version 2009; 64bit' Language: 'es' Physical Memory: 16342 MB
BatchMode: 1, IsHumanControllingUs: 0, StartBugReporterOnCrash: 0, Is64bit: 1, IsPro: 0

COMMAND LINE ARGUMENTS:
C:\Program Files\Unity\Hub\Editor\2020.3.19f1\Editor\Unity.exe
-adb2
-batchMode
-noUpm
-name
AssetImportWorker0
-projectPath
D:/alvaromartinezcediel/tema2/entregable1-alvaro-martinezcediel/entregable1
-logFile
Logs/AssetImportWorker0.log
-srvPort
56687
Successfully changed project path to: D:/alvaromartinezcediel/tema2/entregable1-alvaro-martinezcediel/entregable1
D:/alvaromartinezcediel/tema2/entregable1-alvaro-martinezcediel/entregable1
Using Asset Import Pipeline V2.
Refreshing native plugins compatible for Editor in 31.13 ms, found 2 plugins.
Preloading 0 native plugins for Editor in 0.00 ms.
Initialize engine version: 2020.3.19f1 (68f137dc9bbe)
[Subsystems] Discovering subsystems at path C:/Program Files/Unity/Hub/Editor/2020.3.19f1/Editor/Data/Resources/UnitySubsystems
[Subsystems] Discovering subsystems at path D:/alvaromartinezcediel/tema2/entregable1-alvaro-martinezcediel/entregable1/Assets
GfxDevice: creating device client; threaded=0
Direct3D:
    Version:  Direct3D 11.0 [level 11.1]
    Renderer: NVIDIA GeForce GTX 1050 Ti (ID=0x1c82)
    Vendor:   
    VRAM:     4018 MB
    Driver:   27.21.14.5671
Initialize mono
Mono path[0] = 'C:/Program Files/Unity/Hub/Editor/2020.3.19f1/Editor/Data/Managed'
Mono path[1] = 'C:/Program Files/Unity/Hub/Editor/2020.3.19f1/Editor/Data/MonoBleedingEdge/lib/mono/unityjit'
Mono config path = 'C:/Program Files/Unity/Hub/Editor/2020.3.19f1/Editor/Data/MonoBleedingEdge/etc'
Using monoOptions --debugger-agent=transport=dt_socket,embedding=1,server=y,suspend=n,address=127.0.0.1:56680
Begin MonoManager ReloadAssembly
Registering precompiled unity dll's ...
Register platform support module: C:/Program Files/Unity/Hub/Editor/2020.3.19f1/Editor/Data/PlaybackEngines/WindowsStandaloneSupport/UnityEditor.WindowsStandalone.Extensions.dll
Registered in 0.002406 seconds.
Native extension for WindowsStandalone target not found
Refreshing native plugins compatible for Editor in 31.78 ms, found 2 plugins.
Preloading 0 native plugins for Editor in 0.00 ms.
Mono: successfully reloaded assembly
- Completed reload, in  1.226 seconds
Domain Reload Profiling:
	ReloadAssembly (1227ms)
		BeginReloadAssembly (61ms)
			ExecutionOrderSort (0ms)
			DisableScriptedObjects (0ms)
			BackupInstance (0ms)
			ReleaseScriptingObjects (0ms)
			CreateAndSetChildDomain (1ms)
		EndReloadAssembly (474ms)
			LoadAssemblies (59ms)
			RebuildTransferFunctionScriptingTraits (0ms)
			SetupTypeCache (181ms)
			ReleaseScriptCaches (0ms)
			RebuildScriptCaches (34ms)
			SetupLoadedEditorAssemblies (176ms)
				LogAssemblyErrors (0ms)
				InitializePlatformSupportModulesInManaged (4ms)
				SetLoadedEditorAssemblies (0ms)
				RefreshPlugins (32ms)
				BeforeProcessingInitializeOnLoad (10ms)
				ProcessInitializeOnLoadAttributes (96ms)
				ProcessInitializeOnLoadMethodAttributes (33ms)
				AfterProcessingInitializeOnLoad (0ms)
				EditorAssembliesLoaded (0ms)
			ExecutionOrderSort2 (0ms)
			AwakeInstancesAfterBackupRestoration (0ms)
Platform modules already initialized, skipping
Registering precompiled user dll's ...
Registered in 0.002114 seconds.
Begin MonoManager ReloadAssembly
Native extension for WindowsStandalone target not found
Refreshing native plugins compatible for Editor in 0.30 ms, found 2 plugins.
Preloading 0 native plugins for Editor in 0.00 ms.
Mono: successfully reloaded assembly
- Completed reload, in  1.097 seconds
Domain Reload Profiling:
	ReloadAssembly (1098ms)
		BeginReloadAssembly (164ms)
			ExecutionOrderSort (0ms)
			DisableScriptedObjects (5ms)
			BackupInstance (0ms)
			ReleaseScriptingObjects (0ms)
			CreateAndSetChildDomain (20ms)
		EndReloadAssembly (865ms)
			LoadAssemblies (90ms)
			RebuildTransferFunctionScriptingTraits (0ms)
			SetupTypeCache (298ms)
			ReleaseScriptCaches (0ms)
			RebuildScriptCaches (45ms)
			SetupLoadedEditorAssemblies (322ms)
				LogAssemblyErrors (0ms)
				InitializePlatformSupportModulesInManaged (5ms)
				SetLoadedEditorAssemblies (1ms)
				RefreshPlugins (0ms)
				BeforeProcessingInitializeOnLoad (59ms)
				ProcessInitializeOnLoadAttributes (245ms)
				ProcessInitializeOnLoadMethodAttributes (6ms)
				AfterProcessingInitializeOnLoad (7ms)
				EditorAssembliesLoaded (0ms)
			ExecutionOrderSort2 (0ms)
			AwakeInstancesAfterBackupRestoration (7ms)
Platform modules already initialized, skipping
========================================================================
Worker process is ready to serve import requests
Launched and connected shader compiler UnityShaderCompiler.exe after 0.04 seconds
Refreshing native plugins compatible for Editor in 0.30 ms, found 2 plugins.
Preloading 0 native plugins for Editor in 0.00 ms.
Unloading 1397 Unused Serialized files (Serialized files now loaded: 0)
System memory in use before: 65.3 MB.
System memory in use after: 65.4 MB.

Unloading 16 unused Assets to reduce memory usage. Loaded Objects now: 1832.
Total: 3.217900 ms (FindLiveObjects: 0.148100 ms CreateObjectMapping: 0.049500 ms MarkObjects: 2.918600 ms  DeleteObjects: 0.100400 ms)

AssetImportParameters requested are different than current active one (requested -> active):
  custom:framework-win-MediaFoundation: 216162199b28c13a410421893ffa2e32 -> 
  custom:video-decoder-ogg-theora: a1e56fd34408186e4bbccfd4996cb3dc -> 
  custom:container-muxer-webm: aa71ff27fc2769a1b78a27578f13a17b -> 
  custom:container-demuxer-webm: 4f35f7cbe854078d1ac9338744f61a02 -> 
  custom:container-demuxer-ogg: 62fdf1f143b41e24485cea50d1cbac27 -> 
  custom:video-encoder-webm-vp8: eb34c28f22e8b96e1ab97ce403110664 -> 
  custom:video-decoder-webm-vp8: 9c59270c3fd7afecdb556c50c9e8de78 -> 
  custom:audio-decoder-ogg-vorbis: bf7c407c2cedff20999df2af8eb42d56 -> 
  custom:audio-encoder-webm-vorbis: bf7c407c2cedff20999df2af8eb42d56 -> 
========================================================================
Received Import Request.
  path: Assets/Prefabs
  artifactKey: Guid(d2799c599a5015f4ab4317eab30d973f) Importer(815301076,1909f56bfc062723c751e8b465ee728b)
Start importing Assets/Prefabs using Guid(d2799c599a5015f4ab4317eab30d973f) Importer(815301076,1909f56bfc062723c751e8b465ee728b)  -> (artifact id: '6b73dcd3b7195c5c878df989e0f66fa9') in 0.003638 seconds 
  Import took 0.006056 seconds .

========================================================================
Received Import Request.
  Time since last request: 80.406135 seconds.
  path: Assets/Prefabs/Player.prefab
  artifactKey: Guid(83aa32ff0c68cce44a82b25249d676c5) Importer(815301076,1909f56bfc062723c751e8b465ee728b)
Start importing Assets/Prefabs/Player.prefab using Guid(83aa32ff0c68cce44a82b25249d676c5) Importer(815301076,1909f56bfc062723c751e8b465ee728b)  -> (artifact id: '9eb1c1be58d8295a7c95eb7099a313e2') in 0.110142 seconds 
  Import took 0.112945 seconds .

========================================================================
Received Import Request.
  Time since last request: 4.585469 seconds.
  path: Assets/Materials/blue.mat
  artifactKey: Guid(42e0a54ac960a79438cd2fefa7eb4941) Importer(815301076,1909f56bfc062723c751e8b465ee728b)
Start importing Assets/Materials/blue.mat using Guid(42e0a54ac960a79438cd2fefa7eb4941) Importer(815301076,1909f56bfc062723c751e8b465ee728b)  -> (artifact id: '4dee79745244497eab682430bd4f8957') in 0.033636 seconds 
  Import took 0.036302 seconds .

========================================================================
Received Import Request.
  Time since last request: 0.000342 seconds.
  path: Assets/Materials/New Material 2.mat
  artifactKey: Guid(02176f9913007c4498422222e6ff3f00) Importer(815301076,1909f56bfc062723c751e8b465ee728b)
Start importing Assets/Materials/New Material 2.mat using Guid(02176f9913007c4498422222e6ff3f00) Importer(815301076,1909f56bfc062723c751e8b465ee728b)  -> (artifact id: 'a5260aec3c7d2c9054fee645a840dec9') in 0.007500 seconds 
  Import took 0.009790 seconds .

========================================================================
Received Import Request.
  Time since last request: 0.000268 seconds.
  path: Assets/Materials/New Material 4.mat
  artifactKey: Guid(3e2690797a00b284298b502acee6d64c) Importer(815301076,1909f56bfc062723c751e8b465ee728b)
Start importing Assets/Materials/New Material 4.mat using Guid(3e2690797a00b284298b502acee6d64c) Importer(815301076,1909f56bfc062723c751e8b465ee728b)  -> (artifact id: '3055d98ece61ca2e69a59ef1c4f1f95e') in 0.008361 seconds 
  Import took 0.011477 seconds .

========================================================================
Received Import Request.
  Time since last request: 0.000307 seconds.
  path: Assets/Materials/New Material 3.mat
  artifactKey: Guid(68d23086be2f1564e8791fbce56342c8) Importer(815301076,1909f56bfc062723c751e8b465ee728b)
Start importing Assets/Materials/New Material 3.mat using Guid(68d23086be2f1564e8791fbce56342c8) Importer(815301076,1909f56bfc062723c751e8b465ee728b)  -> (artifact id: '386c45c69a2d99427c5a0e39039952fd') in 0.008596 seconds 
  Import took 0.012168 seconds .

========================================================================
Received Import Request.
  Time since last request: 0.000438 seconds.
  path: Assets/Materials/New Material.mat
  artifactKey: Guid(02b4d1fc6bbabc04ca39e957a8ac0bd5) Importer(815301076,1909f56bfc062723c751e8b465ee728b)
Start importing Assets/Materials/New Material.mat using Guid(02b4d1fc6bbabc04ca39e957a8ac0bd5) Importer(815301076,1909f56bfc062723c751e8b465ee728b)  -> (artifact id: '2f070f5023b071e4dc793553739af66c') in 0.010045 seconds 
  Import took 0.012624 seconds .

========================================================================
Received Import Request.
  Time since last request: 15.136294 seconds.
  path: Assets/Materials
  artifactKey: Guid(fd19ce434abd82f42896a901518a2390) Importer(815301076,1909f56bfc062723c751e8b465ee728b)
Start importing Assets/Materials using Guid(fd19ce434abd82f42896a901518a2390) Importer(815301076,1909f56bfc062723c751e8b465ee728b)  -> (artifact id: '04546a8c5b2509e3e9f7a2393924f466') in 0.000977 seconds 
  Import took 0.003845 seconds .

========================================================================
Received Import Request.
  Time since last request: 9.991565 seconds.
  path: Assets/Materials/blue_mat.mat
  artifactKey: Guid(392209a9f6d30354c9a8a6453e994350) Importer(815301076,1909f56bfc062723c751e8b465ee728b)
Start importing Assets/Materials/blue_mat.mat using Guid(392209a9f6d30354c9a8a6453e994350) Importer(815301076,1909f56bfc062723c751e8b465ee728b)  -> (artifact id: '1b87afb1e072a46acb0864cab7a609e2') in 0.010582 seconds 
  Import took 0.013428 seconds .

========================================================================
Received Import Request.
  Time since last request: 10.345216 seconds.
  path: Assets/Materials/red_mat.mat
  artifactKey: Guid(ac66b87a28bfd4449a74655f7253b01d) Importer(815301076,1909f56bfc062723c751e8b465ee728b)
Start importing Assets/Materials/red_mat.mat using Guid(ac66b87a28bfd4449a74655f7253b01d) Importer(815301076,1909f56bfc062723c751e8b465ee728b)  -> (artifact id: '775a204be321b29deb7c5a676d3d9313') in 0.010094 seconds 
  Import took 0.013110 seconds .

========================================================================
Received Import Request.
  Time since last request: 109.010985 seconds.
  path: Assets/Textures/chaleco militar.jpg
  artifactKey: Guid(99f0e13f3be40bd42803498d15b4fbf7) Importer(815301076,1909f56bfc062723c751e8b465ee728b)
Start importing Assets/Textures/chaleco militar.jpg using Guid(99f0e13f3be40bd42803498d15b4fbf7) Importer(815301076,1909f56bfc062723c751e8b465ee728b)  -> (artifact id: '1aeab031536f997014e19ac251285f36') in 0.018168 seconds 
  Import took 0.021003 seconds .

========================================================================
Received Import Request.
  Time since last request: 11.979686 seconds.
  path: Assets/Materials/chaleco_mat.mat
  artifactKey: Guid(91d4945586abd724e86ec33ca50a6452) Importer(815301076,1909f56bfc062723c751e8b465ee728b)
Start importing Assets/Materials/chaleco_mat.mat using Guid(91d4945586abd724e86ec33ca50a6452) Importer(815301076,1909f56bfc062723c751e8b465ee728b)  -> (artifact id: '9d9d02241b487061f807408dc09b4fa8') in 0.010948 seconds 
  Import took 0.013832 seconds .

========================================================================
Received Import Request.
  Time since last request: 236.370880 seconds.
  path: Assets/Prefabs/Player.prefab
  artifactKey: Guid(83aa32ff0c68cce44a82b25249d676c5) Importer(815301076,1909f56bfc062723c751e8b465ee728b)
Start importing Assets/Prefabs/Player.prefab using Guid(83aa32ff0c68cce44a82b25249d676c5) Importer(815301076,1909f56bfc062723c751e8b465ee728b)  -> (artifact id: '028ecbd557feb8740f51b2d5e44a87e3') in 0.014338 seconds 
  Import took 0.018024 seconds .

========================================================================
Received Import Request.
  Time since last request: 128.900115 seconds.
  path: Assets/Textures/milf.png
  artifactKey: Guid(fc8608cb284caca428910944fa9b368d) Importer(815301076,1909f56bfc062723c751e8b465ee728b)
Start importing Assets/Textures/milf.png using Guid(fc8608cb284caca428910944fa9b368d) Importer(815301076,1909f56bfc062723c751e8b465ee728b)  -> (artifact id: 'ffe4af01e16a341d2fb4d763d8b87fe0') in 0.007799 seconds 
  Import took 0.010642 seconds .

========================================================================
Received Import Request.
  Time since last request: 16.890739 seconds.
  path: Assets/Materials/shirt_mat.mat
  artifactKey: Guid(dc5aaeec84fc611409eab6c586576038) Importer(815301076,1909f56bfc062723c751e8b465ee728b)
Start importing Assets/Materials/shirt_mat.mat using Guid(dc5aaeec84fc611409eab6c586576038) Importer(815301076,1909f56bfc062723c751e8b465ee728b)  -> (artifact id: '1628da81540e19bfbad012b044184aad') in 0.013607 seconds 
  Import took 0.016601 seconds .

========================================================================
Received Import Request.
  Time since last request: 265.752367 seconds.
  path: Assets/Materials/blue_mat.mat
  artifactKey: Guid(392209a9f6d30354c9a8a6453e994350) Importer(815301076,1909f56bfc062723c751e8b465ee728b)
Start importing Assets/Materials/blue_mat.mat using Guid(392209a9f6d30354c9a8a6453e994350) Importer(815301076,1909f56bfc062723c751e8b465ee728b)  -> (artifact id: '3c7c7a6e93384bb4e2a1ea857f2fdc52') in 0.009228 seconds 
  Import took 0.011904 seconds .

========================================================================
Received Import Request.
  Time since last request: 0.000309 seconds.
  path: Assets/Materials/shirt_mat.mat
  artifactKey: Guid(dc5aaeec84fc611409eab6c586576038) Importer(815301076,1909f56bfc062723c751e8b465ee728b)
Start importing Assets/Materials/shirt_mat.mat using Guid(dc5aaeec84fc611409eab6c586576038) Importer(815301076,1909f56bfc062723c751e8b465ee728b)  -> (artifact id: '0fae006b90d5f1529eda19802937fa92') in 0.008954 seconds 
  Import took 0.011772 seconds .

========================================================================
Received Import Request.
  Time since last request: 2.496873 seconds.
  path: Assets/Textures/descarga.png
  artifactKey: Guid(2e3ac2822d14dd3498b1cca3eee1cbe6) Importer(815301076,1909f56bfc062723c751e8b465ee728b)
Start importing Assets/Textures/descarga.png using Guid(2e3ac2822d14dd3498b1cca3eee1cbe6) Importer(815301076,1909f56bfc062723c751e8b465ee728b)  -> (artifact id: 'b8ea884662d223c2be63513d179cf40e') in 0.005522 seconds 
  Import took 0.008358 seconds .

========================================================================
Received Import Request.
  Time since last request: 65.060022 seconds.
  path: Assets/Materials/grey_mat.mat
  artifactKey: Guid(41a7d15752f79e34997cdc4abc2bb3de) Importer(815301076,1909f56bfc062723c751e8b465ee728b)
Start importing Assets/Materials/grey_mat.mat using Guid(41a7d15752f79e34997cdc4abc2bb3de) Importer(815301076,1909f56bfc062723c751e8b465ee728b)  -> (artifact id: '4e11ad6716d1a141910170f3dbd45dbd') in 0.007128 seconds 
  Import took 0.010833 seconds .

========================================================================
Received Import Request.
  Time since last request: 353.120175 seconds.
  path: Assets/Textures/abdominales.png
  artifactKey: Guid(b29958bcf18256c47baa1e245bf833ce) Importer(815301076,1909f56bfc062723c751e8b465ee728b)
Start importing Assets/Textures/abdominales.png using Guid(b29958bcf18256c47baa1e245bf833ce) Importer(815301076,1909f56bfc062723c751e8b465ee728b)  -> (artifact id: '76a3dd9298a79b3466295f78a4f960d7') in 0.006865 seconds 
  Import took 0.009905 seconds .

========================================================================
Received Import Request.
  Time since last request: 100.058273 seconds.
  path: Assets/Materials/skin_mat.mat
  artifactKey: Guid(392209a9f6d30354c9a8a6453e994350) Importer(815301076,1909f56bfc062723c751e8b465ee728b)
Start importing Assets/Materials/skin_mat.mat using Guid(392209a9f6d30354c9a8a6453e994350) Importer(815301076,1909f56bfc062723c751e8b465ee728b)  -> (artifact id: 'e3747b3098c31c45cd4c2dbf63bf7ccb') in 0.008638 seconds 
  Import took 0.011730 seconds .

========================================================================
Received Import Request.
  Time since last request: 1439.189143 seconds.
  path: Assets/Materials/ojos.mat
  artifactKey: Guid(02b4d1fc6bbabc04ca39e957a8ac0bd5) Importer(815301076,1909f56bfc062723c751e8b465ee728b)
Start importing Assets/Materials/ojos.mat using Guid(02b4d1fc6bbabc04ca39e957a8ac0bd5) Importer(815301076,1909f56bfc062723c751e8b465ee728b)  -> (artifact id: '87c09b4c9915889d3ae927617d850c3e') in 0.019070 seconds 
  Import took 0.022909 seconds .

========================================================================
Received Import Request.
  Time since last request: 37.764826 seconds.
  path: Assets/Prefabs/Enemy Variant.prefab
  artifactKey: Guid(e16985a8062cb70439b9f21ddb25851c) Importer(815301076,1909f56bfc062723c751e8b465ee728b)
Start importing Assets/Prefabs/Enemy Variant.prefab using Guid(e16985a8062cb70439b9f21ddb25851c) Importer(815301076,1909f56bfc062723c751e8b465ee728b)  -> (artifact id: '0a734c0deb00af21632bf24b2ae45b8b') in 0.011560 seconds 
  Import took 0.015196 seconds .

========================================================================
Received Import Request.
  Time since last request: 444.566823 seconds.
  path: Assets/Prefabs/Enemy Variant.prefab
  artifactKey: Guid(e16985a8062cb70439b9f21ddb25851c) Importer(815301076,1909f56bfc062723c751e8b465ee728b)
Start importing Assets/Prefabs/Enemy Variant.prefab using Guid(e16985a8062cb70439b9f21ddb25851c) Importer(815301076,1909f56bfc062723c751e8b465ee728b)  -> (artifact id: '7fa3cdadc15eb2763c7ce3a54c04258c') in 0.005879 seconds 
  Import took 0.008912 seconds .

========================================================================
Received Import Request.
  Time since last request: 27.512186 seconds.
  path: Assets/Prefabs/Player.prefab
  artifactKey: Guid(83aa32ff0c68cce44a82b25249d676c5) Importer(815301076,1909f56bfc062723c751e8b465ee728b)
Start importing Assets/Prefabs/Player.prefab using Guid(83aa32ff0c68cce44a82b25249d676c5) Importer(815301076,1909f56bfc062723c751e8b465ee728b)  -> (artifact id: 'b3581a34253c5e028fdfc706bc35209d') in 0.014638 seconds 
  Import took 0.018066 seconds .

========================================================================
Received Import Request.
  Time since last request: 6.067408 seconds.
  path: Assets/Prefabs/Player.prefab
  artifactKey: Guid(83aa32ff0c68cce44a82b25249d676c5) Importer(815301076,1909f56bfc062723c751e8b465ee728b)
Start importing Assets/Prefabs/Player.prefab using Guid(83aa32ff0c68cce44a82b25249d676c5) Importer(815301076,1909f56bfc062723c751e8b465ee728b)  -> (artifact id: '070869f776f8654c4c1c4601115c1ec2') in 0.015089 seconds 
  Import took 0.018017 seconds .

========================================================================
Received Import Request.
  Time since last request: 31.285108 seconds.
  path: Assets/Prefabs/Player.prefab
  artifactKey: Guid(83aa32ff0c68cce44a82b25249d676c5) Importer(815301076,1909f56bfc062723c751e8b465ee728b)
Start importing Assets/Prefabs/Player.prefab using Guid(83aa32ff0c68cce44a82b25249d676c5) Importer(815301076,1909f56bfc062723c751e8b465ee728b)  -> (artifact id: '8e13ce0ff8eb14eee21cb808524213af') in 0.009293 seconds 
  Import took 0.012761 seconds .

========================================================================
Received Import Request.
  Time since last request: 236.714939 seconds.
  path: Assets/Materials/grey_mat.mat
  artifactKey: Guid(41a7d15752f79e34997cdc4abc2bb3de) Importer(815301076,1909f56bfc062723c751e8b465ee728b)
Start importing Assets/Materials/grey_mat.mat using Guid(41a7d15752f79e34997cdc4abc2bb3de) Importer(815301076,1909f56bfc062723c751e8b465ee728b)  -> (artifact id: 'ee7b4db7344cbff4962af2e68513521a') in 0.008332 seconds 
  Import took 0.011021 seconds .

========================================================================
Received Import Request.
  Time since last request: 0.000372 seconds.
  path: Assets/Materials/skin_mat.mat
  artifactKey: Guid(392209a9f6d30354c9a8a6453e994350) Importer(815301076,1909f56bfc062723c751e8b465ee728b)
Start importing Assets/Materials/skin_mat.mat using Guid(392209a9f6d30354c9a8a6453e994350) Importer(815301076,1909f56bfc062723c751e8b465ee728b)  -> (artifact id: 'f22ed3248a9a016355a7e79035cbf4c9') in 0.007162 seconds 
  Import took 0.009527 seconds .

========================================================================
Received Import Request.
  Time since last request: 0.000092 seconds.
  path: Assets/Materials/red_mat.mat
  artifactKey: Guid(ac66b87a28bfd4449a74655f7253b01d) Importer(815301076,1909f56bfc062723c751e8b465ee728b)
Start importing Assets/Materials/red_mat.mat using Guid(ac66b87a28bfd4449a74655f7253b01d) Importer(815301076,1909f56bfc062723c751e8b465ee728b)  -> (artifact id: 'f805f119ff41c2e8b450f1e95274d3d9') in 0.008396 seconds 
  Import took 0.011634 seconds .

========================================================================
Received Import Request.
  Time since last request: 0.000320 seconds.
  path: Assets/Materials/shirt_mat 1.mat
  artifactKey: Guid(f6790badf5e11044a840162b96628cff) Importer(815301076,1909f56bfc062723c751e8b465ee728b)
Start importing Assets/Materials/shirt_mat 1.mat using Guid(f6790badf5e11044a840162b96628cff) Importer(815301076,1909f56bfc062723c751e8b465ee728b)  -> (artifact id: '953866d1755ad34001786b62d0ba1724') in 0.009002 seconds 
  Import took 0.012213 seconds .

========================================================================
Received Import Request.
  Time since last request: 0.000305 seconds.
  path: Assets/Materials/shirt_mat.mat
  artifactKey: Guid(dc5aaeec84fc611409eab6c586576038) Importer(815301076,1909f56bfc062723c751e8b465ee728b)
Start importing Assets/Materials/shirt_mat.mat using Guid(dc5aaeec84fc611409eab6c586576038) Importer(815301076,1909f56bfc062723c751e8b465ee728b)  -> (artifact id: '0387398161d0399750ab2adf3f5a9877') in 0.008805 seconds 
  Import took 0.011812 seconds .

AssetImportWorkerClient::OnTransportError - code=2 error=End of file
