Using pre-set license
Built from '2020.3/staging' branch; Version is '2020.3.19f1 (68f137dc9bbe) revision 6877495'; Using compiler version '192528614'; Build Type 'Release'
OS: 'Windows 10 Pro; OS build 19043.1165; Version 2009; 64bit' Language: 'es' Physical Memory: 16333 MB
BatchMode: 1, IsHumanControllingUs: 0, StartBugReporterOnCrash: 0, Is64bit: 1, IsPro: 0

COMMAND LINE ARGUMENTS:
C:\Program Files\Unity\Hub\Editor\2020.3.19f1\Editor\Unity.exe
-adb2
-batchMode
-noUpm
-name
AssetImportWorker0
-projectPath
D:/pc_LADAT/tema2/entregable1/entregable1-alvaro-martinezcediel/entregable1
-logFile
Logs/AssetImportWorker0.log
-srvPort
55773
Successfully changed project path to: D:/pc_LADAT/tema2/entregable1/entregable1-alvaro-martinezcediel/entregable1
D:/pc_LADAT/tema2/entregable1/entregable1-alvaro-martinezcediel/entregable1
Using Asset Import Pipeline V2.
Refreshing native plugins compatible for Editor in 25.01 ms, found 2 plugins.
Preloading 0 native plugins for Editor in 0.00 ms.
Initialize engine version: 2020.3.19f1 (68f137dc9bbe)
[Subsystems] Discovering subsystems at path C:/Program Files/Unity/Hub/Editor/2020.3.19f1/Editor/Data/Resources/UnitySubsystems
[Subsystems] Discovering subsystems at path D:/pc_LADAT/tema2/entregable1/entregable1-alvaro-martinezcediel/entregable1/Assets
GfxDevice: creating device client; threaded=0
Direct3D:
    Version:  Direct3D 11.0 [level 11.1]
    Renderer: NVIDIA GeForce RTX 2060 (ID=0x1e89)
    Vendor:   
    VRAM:     5967 MB
    Driver:   27.21.14.6089
Initialize mono
Mono path[0] = 'C:/Program Files/Unity/Hub/Editor/2020.3.19f1/Editor/Data/Managed'
Mono path[1] = 'C:/Program Files/Unity/Hub/Editor/2020.3.19f1/Editor/Data/MonoBleedingEdge/lib/mono/unityjit'
Mono config path = 'C:/Program Files/Unity/Hub/Editor/2020.3.19f1/Editor/Data/MonoBleedingEdge/etc'
Using monoOptions --debugger-agent=transport=dt_socket,embedding=1,server=y,suspend=n,address=127.0.0.1:56612
Begin MonoManager ReloadAssembly
Registering precompiled unity dll's ...
Register platform support module: C:/Program Files/Unity/Hub/Editor/2020.3.19f1/Editor/Data/PlaybackEngines/WindowsStandaloneSupport/UnityEditor.WindowsStandalone.Extensions.dll
Registered in 0.002005 seconds.
Native extension for WindowsStandalone target not found
Refreshing native plugins compatible for Editor in 24.78 ms, found 2 plugins.
Preloading 0 native plugins for Editor in 0.00 ms.
Mono: successfully reloaded assembly
- Completed reload, in  0.955 seconds
Domain Reload Profiling:
	ReloadAssembly (956ms)
		BeginReloadAssembly (49ms)
			ExecutionOrderSort (0ms)
			DisableScriptedObjects (0ms)
			BackupInstance (0ms)
			ReleaseScriptingObjects (0ms)
			CreateAndSetChildDomain (1ms)
		EndReloadAssembly (326ms)
			LoadAssemblies (46ms)
			RebuildTransferFunctionScriptingTraits (0ms)
			SetupTypeCache (121ms)
			ReleaseScriptCaches (0ms)
			RebuildScriptCaches (25ms)
			SetupLoadedEditorAssemblies (122ms)
				LogAssemblyErrors (0ms)
				InitializePlatformSupportModulesInManaged (3ms)
				SetLoadedEditorAssemblies (0ms)
				RefreshPlugins (25ms)
				BeforeProcessingInitializeOnLoad (6ms)
				ProcessInitializeOnLoadAttributes (64ms)
				ProcessInitializeOnLoadMethodAttributes (23ms)
				AfterProcessingInitializeOnLoad (0ms)
				EditorAssembliesLoaded (0ms)
			ExecutionOrderSort2 (0ms)
			AwakeInstancesAfterBackupRestoration (0ms)
Platform modules already initialized, skipping
Registering precompiled user dll's ...
Registered in 0.001856 seconds.
Begin MonoManager ReloadAssembly
Native extension for WindowsStandalone target not found
Refreshing native plugins compatible for Editor in 0.33 ms, found 2 plugins.
Preloading 0 native plugins for Editor in 0.00 ms.
Mono: successfully reloaded assembly
- Completed reload, in  0.808 seconds
Domain Reload Profiling:
	ReloadAssembly (809ms)
		BeginReloadAssembly (126ms)
			ExecutionOrderSort (0ms)
			DisableScriptedObjects (4ms)
			BackupInstance (0ms)
			ReleaseScriptingObjects (0ms)
			CreateAndSetChildDomain (17ms)
		EndReloadAssembly (627ms)
			LoadAssemblies (72ms)
			RebuildTransferFunctionScriptingTraits (0ms)
			SetupTypeCache (213ms)
			ReleaseScriptCaches (0ms)
			RebuildScriptCaches (34ms)
			SetupLoadedEditorAssemblies (236ms)
				LogAssemblyErrors (0ms)
				InitializePlatformSupportModulesInManaged (4ms)
				SetLoadedEditorAssemblies (0ms)
				RefreshPlugins (0ms)
				BeforeProcessingInitializeOnLoad (47ms)
				ProcessInitializeOnLoadAttributes (173ms)
				ProcessInitializeOnLoadMethodAttributes (4ms)
				AfterProcessingInitializeOnLoad (7ms)
				EditorAssembliesLoaded (0ms)
			ExecutionOrderSort2 (0ms)
			AwakeInstancesAfterBackupRestoration (5ms)
Platform modules already initialized, skipping
========================================================================
Worker process is ready to serve import requests
Launched and connected shader compiler UnityShaderCompiler.exe after 0.04 seconds
Refreshing native plugins compatible for Editor in 0.48 ms, found 2 plugins.
Preloading 0 native plugins for Editor in 0.00 ms.
Unloading 1397 Unused Serialized files (Serialized files now loaded: 0)
System memory in use before: 65.3 MB.
System memory in use after: 65.3 MB.

Unloading 16 unused Assets to reduce memory usage. Loaded Objects now: 1832.
Total: 2.666200 ms (FindLiveObjects: 0.149700 ms CreateObjectMapping: 0.033100 ms MarkObjects: 2.420200 ms  DeleteObjects: 0.062300 ms)

AssetImportParameters requested are different than current active one (requested -> active):
  custom:framework-win-MediaFoundation: 216162199b28c13a410421893ffa2e32 -> 
  custom:video-decoder-ogg-theora: a1e56fd34408186e4bbccfd4996cb3dc -> 
  custom:container-muxer-webm: aa71ff27fc2769a1b78a27578f13a17b -> 
  custom:container-demuxer-webm: 4f35f7cbe854078d1ac9338744f61a02 -> 
  custom:container-demuxer-ogg: 62fdf1f143b41e24485cea50d1cbac27 -> 
  custom:video-encoder-webm-vp8: eb34c28f22e8b96e1ab97ce403110664 -> 
  custom:video-decoder-webm-vp8: 9c59270c3fd7afecdb556c50c9e8de78 -> 
  custom:audio-decoder-ogg-vorbis: bf7c407c2cedff20999df2af8eb42d56 -> 
  custom:audio-encoder-webm-vorbis: bf7c407c2cedff20999df2af8eb42d56 -> 
========================================================================
Received Import Request.
  path: Assets/Scenes
  artifactKey: Guid(595857c8cb2628b44b470c67c8346794) Importer(815301076,1909f56bfc062723c751e8b465ee728b)
Start importing Assets/Scenes using Guid(595857c8cb2628b44b470c67c8346794) Importer(815301076,1909f56bfc062723c751e8b465ee728b)  -> (artifact id: '268974f1713ec4dc48248c18069cffff') in 0.003726 seconds 
  Import took 0.005622 seconds .

========================================================================
Received Import Request.
  Time since last request: 0.000165 seconds.
  path: Assets/Scenes/SampleScene.unity
  artifactKey: Guid(9fc0d4010bbf28b4594072e72b8655ab) Importer(815301076,1909f56bfc062723c751e8b465ee728b)
Start importing Assets/Scenes/SampleScene.unity using Guid(9fc0d4010bbf28b4594072e72b8655ab) Importer(815301076,1909f56bfc062723c751e8b465ee728b)  -> (artifact id: '85059f4f9e1a832ed95adaa0d25c5c4c') in 0.008340 seconds 
  Import took 0.010101 seconds .

========================================================================
Received Import Request.
  Time since last request: 11.602876 seconds.
  path: Assets/Scenes/Entregable 1.unity
  artifactKey: Guid(9fc0d4010bbf28b4594072e72b8655ab) Importer(815301076,1909f56bfc062723c751e8b465ee728b)
Start importing Assets/Scenes/Entregable 1.unity using Guid(9fc0d4010bbf28b4594072e72b8655ab) Importer(815301076,1909f56bfc062723c751e8b465ee728b)  -> (artifact id: '5aafe965f4d9ae332714290b26495465') in 0.002289 seconds 
  Import took 0.004377 seconds .

========================================================================
Received Import Request.
  Time since last request: 1043.856995 seconds.
  path: Assets/Materials
  artifactKey: Guid(fd19ce434abd82f42896a901518a2390) Importer(815301076,1909f56bfc062723c751e8b465ee728b)
Start importing Assets/Materials using Guid(fd19ce434abd82f42896a901518a2390) Importer(815301076,1909f56bfc062723c751e8b465ee728b)  -> (artifact id: '10351f3972021ed27b120d9fb3a22129') in 0.001868 seconds 
  Import took 0.004325 seconds .

========================================================================
Received Import Request.
  Time since last request: 0.587242 seconds.
  path: Assets
  artifactKey: Guid(00000000000000001000000000000000) Importer(815301076,1909f56bfc062723c751e8b465ee728b)
Start importing Assets using Guid(00000000000000001000000000000000) Importer(815301076,1909f56bfc062723c751e8b465ee728b)  -> (artifact id: '42d402b061de3733987d63b9cc3b64de') in 0.001731 seconds 
  Import took 0.004007 seconds .

========================================================================
Received Import Request.
  Time since last request: 5.350620 seconds.
  path: Assets/Textures
  artifactKey: Guid(fdd4ecd6aed68f74ab80fb58356ee9a6) Importer(815301076,1909f56bfc062723c751e8b465ee728b)
Start importing Assets/Textures using Guid(fdd4ecd6aed68f74ab80fb58356ee9a6) Importer(815301076,1909f56bfc062723c751e8b465ee728b)  -> (artifact id: 'e185c4fcf59d9bc1475504241744cbbc') in 0.001468 seconds 
  Import took 0.003495 seconds .

========================================================================
Received Import Request.
  Time since last request: 5.240853 seconds.
  path: Assets/Prefabs
  artifactKey: Guid(d2799c599a5015f4ab4317eab30d973f) Importer(815301076,1909f56bfc062723c751e8b465ee728b)
Start importing Assets/Prefabs using Guid(d2799c599a5015f4ab4317eab30d973f) Importer(815301076,1909f56bfc062723c751e8b465ee728b)  -> (artifact id: '840c2c9a86d7d175dfd9c9d89ae3db9c') in 0.001410 seconds 
  Import took 0.003432 seconds .

========================================================================
Received Import Request.
  Time since last request: 9.873711 seconds.
  path: Assets/Materials/New Material.mat
  artifactKey: Guid(02b4d1fc6bbabc04ca39e957a8ac0bd5) Importer(815301076,1909f56bfc062723c751e8b465ee728b)
Start importing Assets/Materials/New Material.mat using Guid(02b4d1fc6bbabc04ca39e957a8ac0bd5) Importer(815301076,1909f56bfc062723c751e8b465ee728b)  -> (artifact id: '831b36a956157fbde174bf1425570079') in 0.130368 seconds 
  Import took 0.132882 seconds .

========================================================================
Received Import Request.
  Time since last request: 2.993044 seconds.
  path: Assets/Materials/New Material 1.mat
  artifactKey: Guid(42e0a54ac960a79438cd2fefa7eb4941) Importer(815301076,1909f56bfc062723c751e8b465ee728b)
Start importing Assets/Materials/New Material 1.mat using Guid(42e0a54ac960a79438cd2fefa7eb4941) Importer(815301076,1909f56bfc062723c751e8b465ee728b)  -> (artifact id: 'cfdceab1783f3440e7ec8fa4587daaaa') in 0.007924 seconds 
  Import took 0.010388 seconds .

========================================================================
Received Import Request.
  Time since last request: 3.077457 seconds.
  path: Assets/Materials/New Material 2.mat
  artifactKey: Guid(02176f9913007c4498422222e6ff3f00) Importer(815301076,1909f56bfc062723c751e8b465ee728b)
Start importing Assets/Materials/New Material 2.mat using Guid(02176f9913007c4498422222e6ff3f00) Importer(815301076,1909f56bfc062723c751e8b465ee728b)  -> (artifact id: '1b7b470e4b5175eb4c6a029410ffccad') in 0.008018 seconds 
  Import took 0.010470 seconds .

========================================================================
Received Import Request.
  Time since last request: 4.282398 seconds.
  path: Assets/Materials/New Material 3.mat
  artifactKey: Guid(68d23086be2f1564e8791fbce56342c8) Importer(815301076,1909f56bfc062723c751e8b465ee728b)
Start importing Assets/Materials/New Material 3.mat using Guid(68d23086be2f1564e8791fbce56342c8) Importer(815301076,1909f56bfc062723c751e8b465ee728b)  -> (artifact id: 'e0b7201a809a9bfefae34f8cb02e2a82') in 0.008498 seconds 
  Import took 0.010896 seconds .

========================================================================
Received Import Request.
  Time since last request: 4.222437 seconds.
  path: Assets/Materials/New Material 4.mat
  artifactKey: Guid(3e2690797a00b284298b502acee6d64c) Importer(815301076,1909f56bfc062723c751e8b465ee728b)
Start importing Assets/Materials/New Material 4.mat using Guid(3e2690797a00b284298b502acee6d64c) Importer(815301076,1909f56bfc062723c751e8b465ee728b)  -> (artifact id: 'c45ed314434e442fbbcac9b539998164') in 0.008396 seconds 
  Import took 0.010816 seconds .

========================================================================
Received Import Request.
  Time since last request: 10.012374 seconds.
  path: Assets/Materials/blue.mat
  artifactKey: Guid(42e0a54ac960a79438cd2fefa7eb4941) Importer(815301076,1909f56bfc062723c751e8b465ee728b)
Start importing Assets/Materials/blue.mat using Guid(42e0a54ac960a79438cd2fefa7eb4941) Importer(815301076,1909f56bfc062723c751e8b465ee728b)  -> (artifact id: 'fa6838c09131802a3fb261981eaf35a4') in 0.007207 seconds 
  Import took 0.009657 seconds .

AssetImportWorkerClient::OnTransportError - code=2 error=End of file
